<?xml version="1.0" encoding="UTF-8"?>
<!-- Generated by org.testng.reporters.JUnitReportReporter -->
<testsuite skipped="0" hostname="RajsMacBook-Pro" name="jenkinsdemos.DemoJenkinsJobs" tests="1" failures="0" timestamp="04 Mar 2019 06:24:29 GMT" time="0.008" errors="0">
  <testcase name="testJenkins" time="0.008" classname="jenkinsdemos.DemoJenkinsJobs"/>
</testsuite> <!-- jenkinsdemos.DemoJenkinsJobs -->
